\BOOKMARK [0][-]{section*.1}{\376\377\000D\000e\000c\000l\000a\000r\000a\000t\000i\000o\000n\000\040\000o\000f\000\040\000A\000u\000t\000h\000o\000r\000s\000h\000i\000p}{}% 1
\BOOKMARK [0][-]{section*.2}{\376\377\000A\000b\000s\000t\000r\000a\000c\000t}{}% 2
\BOOKMARK [0][-]{section*.3}{\376\377\000A\000c\000k\000n\000o\000w\000l\000e\000d\000g\000e\000m\000e\000n\000t\000s}{}% 3
\BOOKMARK [0][-]{chapter.14}{\376\377\000Q\000u\000a\000n\000t\000u\000m\000\040\000c\000o\000m\000p\000u\000t\000i\000n\000g\000\040\000i\000n\000\040\000s\000i\000l\000i\000c\000o\000n\000:\000\040\000A\000\040\000d\000i\000f\000f\000e\000r\000e\000n\000t\000\040\000w\000a\000y\000\040\000o\000f\000\040\000c\000o\000m\000p\000u\000t\000a\000t\000i\000o\000n}{}% 4
\BOOKMARK [1][-]{section.15}{\376\377\000I\000n\000t\000r\000o\000d\000u\000c\000t\000i\000o\000n\000:\000\040\000T\000h\000e\000\040\000q\000u\000a\000n\000t\000u\000m\000\040\000r\000e\000v\000o\000l\000u\000t\000i\000o\000n\000\040\000o\000f\000\040\000c\000o\000m\000p\000u\000t\000a\000t\000i\000o\000n}{chapter.14}% 5
\BOOKMARK [1][-]{section.16}{\376\377\000F\000o\000u\000n\000d\000a\000t\000i\000o\000n\000:\000\040\000t\000h\000e\000\040\000q\000u\000b\000i\000t}{chapter.14}% 6
\BOOKMARK [2][-]{subsection.17}{\376\377\000A\000n\000\040\000i\000n\000t\000r\000o\000d\000u\000c\000t\000i\000o\000n\000\040\000t\000o\000\040\000t\000h\000e\000\040\000q\000u\000b\000i\000t}{section.16}% 7
\BOOKMARK [2][-]{subsection.19}{\376\377\000P\000h\000o\000s\000p\000h\000o\000r\000u\000s\000\040\000d\000o\000p\000a\000n\000t\000s\000\040\000i\000n\000\040\000s\000i\000l\000i\000c\000o\000n}{section.16}% 8
\BOOKMARK [2][-]{subsection.22}{\376\377\000T\000h\000e\000\040\000P\000h\000o\000s\000p\000h\000o\000r\000u\000s\000\040\000d\000o\000n\000o\000r\000\040\000s\000p\000i\000n\000\040\000q\000u\000b\000i\000t}{section.16}% 9
\BOOKMARK [1][-]{section.31}{\376\377\000A\000p\000p\000r\000o\000a\000c\000h\000\040\000t\000o\000\040\000l\000a\000r\000g\000e\000\040\000s\000c\000a\000l\000e\000\040\000q\000u\000a\000n\000t\000u\000m\000\040\000c\000o\000m\000p\000u\000t\000i\000n\000g}{chapter.14}% 10
\BOOKMARK [2][-]{subsection.32}{\376\377\000S\000u\000r\000f\000a\000c\000e\000\040\000C\000o\000d\000e}{section.31}% 11
\BOOKMARK [1][-]{section.33}{\376\377\000C\000i\000r\000c\000u\000i\000t\000\040\000Q\000u\000a\000n\000t\000u\000m\000\040\000E\000l\000e\000c\000t\000r\000o\000d\000y\000n\000a\000m\000i\000c\000s}{chapter.14}% 12
\BOOKMARK [1][-]{section.34}{\376\377\000S\000c\000o\000p\000e\000\040\000o\000f\000\040\000t\000h\000i\000s\000\040\000t\000h\000e\000s\000i\000s}{chapter.14}% 13
\BOOKMARK [0][-]{chapter.35}{\376\377\000T\000h\000e\000\040\000f\000l\000i\000p\000\040\000f\000l\000o\000p\000\040\000q\000u\000b\000i\000t}{}% 14
\BOOKMARK [1][-]{section.36}{\376\377\000A\000\040\000n\000e\000w\000\040\000e\000l\000e\000c\000t\000r\000i\000c\000a\000l\000l\000y\000\040\000a\000c\000c\000e\000s\000s\000i\000b\000l\000e\000\040\000q\000u\000b\000i\000t}{chapter.35}% 15
\BOOKMARK [2][-]{subsection.39}{\376\377\000M\000a\000n\000i\000p\000u\000l\000a\000t\000i\000n\000g\000\040\000t\000h\000e\000\040\000o\000r\000b\000i\000t\000a\000l\000\040\000d\000e\000g\000r\000e\000e\000\040\000o\000f\000\040\000f\000r\000e\000e\000d\000o\000m\000:\000\040\000t\000h\000e\000\040\000c\000h\000a\000r\000g\000e\000\040\000q\000u\000b\000i\000t}{section.36}% 16
\BOOKMARK [2][-]{subsection.46}{\376\377\000M\000o\000d\000u\000l\000a\000t\000i\000n\000g\000\040\000t\000h\000e\000\040\000h\000y\000p\000e\000r\000f\000i\000n\000e\000\040\000i\000n\000t\000e\000r\000a\000c\000t\000i\000o\000n}{section.36}% 17
\BOOKMARK [2][-]{subsection.62}{\376\377\000T\000h\000e\000\040\000f\000l\000i\000p\000-\000f\000l\000o\000p\000\040\000q\000u\000b\000i\000t}{section.36}% 18
\BOOKMARK [1][-]{section.71}{\376\377\000E\000l\000e\000c\000t\000r\000i\000c\000a\000l\000\040\000n\000o\000i\000s\000e\000\040\000a\000n\000d\000\040\000r\000e\000l\000a\000x\000a\000t\000i\000o\000n}{chapter.35}% 19
\BOOKMARK [2][-]{subsection.72}{\376\377\000D\000e\000p\000h\000a\000s\000i\000n\000g\000\040\000d\000u\000e\000\040\000t\000o\000\040\000e\000l\000e\000c\000t\000r\000i\000c\000a\000l\000\040\000n\000o\000i\000s\000e}{section.71}% 20
\BOOKMARK [2][-]{subsection.78}{\376\377\000R\000e\000l\000a\000x\000a\000t\000i\000o\000n}{section.71}% 21
\BOOKMARK [2][-]{subsection.82}{\376\377\000T\000u\000n\000n\000e\000l\000\040\000c\000o\000u\000p\000l\000i\000n\000g\000\040\000t\000u\000n\000i\000n\000g}{section.71}% 22
\BOOKMARK [2][-]{subsection.84}{\376\377\000A\000d\000i\000a\000b\000a\000t\000i\000c\000\040\000p\000h\000a\000s\000e\000\040\000c\000o\000n\000t\000r\000o\000l}{section.71}% 23
\BOOKMARK [1][-]{section.94}{\376\377\000E\000l\000e\000c\000t\000r\000i\000c\000\040\000d\000r\000i\000v\000e}{chapter.35}% 24
\BOOKMARK [2][-]{subsection.105}{\376\377\000G\000a\000t\000e\000\040\000n\000o\000i\000s\000e}{section.94}% 25
\BOOKMARK [1][-]{section.107}{\376\377\000D\000i\000p\000o\000l\000e\000-\000d\000i\000p\000o\000l\000e\000\040\000c\000o\000u\000p\000l\000i\000n\000g}{chapter.35}% 26
\BOOKMARK [2][-]{subsection.112}{\376\377\000D\000i\000p\000o\000l\000e\000\040\000S\000c\000r\000e\000e\000n\000i\000n\000g}{section.107}% 27
\BOOKMARK [2][-]{subsection.118}{\376\377\000T\000w\000o\000-\000q\000u\000b\000i\000t\000\040\000c\000o\000u\000p\000l\000i\000n\000g}{section.107}% 28
\BOOKMARK [2][-]{subsection.125}{\376\377\000T\000w\000o\000-\000q\000u\000b\000i\000t\000\040\000g\000a\000t\000e\000s}{section.107}% 29
\BOOKMARK [1][-]{section.127}{\376\377\000S\000c\000a\000l\000i\000n\000g\000\040\000u\000p\000\040\000u\000s\000i\000n\000g\000\040\000c\000i\000r\000c\000u\000i\000t\000\040\000q\000u\000a\000n\000t\000u\000m\000\040\000e\000l\000e\000c\000t\000r\000o\000d\000y\000n\000a\000m\000i\000c\000s}{chapter.35}% 30
\BOOKMARK [1][-]{section.129}{\376\377\000C\000o\000n\000c\000l\000u\000s\000i\000o\000n}{chapter.35}% 31
\BOOKMARK [0][-]{chapter.131}{\376\377\000T\000h\000e\000\040\000n\000u\000c\000l\000e\000a\000r\000\040\000s\000p\000i\000n\000\040\000q\000u\000b\000i\000t\000\040\000w\000i\000t\000h\000\040\000a\000n\000\040\000e\000l\000e\000c\000t\000r\000i\000c\000\040\000d\000i\000p\000o\000l\000e\000\040\000t\000r\000a\000n\000s\000i\000t\000i\000o\000n}{}% 32
\BOOKMARK [1][-]{section.132}{\376\377\000I\000n\000t\000r\000o\000d\000u\000c\000t\000i\000o\000n}{chapter.131}% 33
\BOOKMARK [1][-]{section.133}{\376\377\000S\000e\000c\000o\000n\000d\000-\000o\000r\000d\000e\000r\000\040\000R\000a\000m\000a\000n\000\040\000d\000r\000i\000v\000e\000\040\000o\000f\000\040\000a\000\040\0003\0001\000P\000\040\000n\000u\000c\000l\000e\000a\000r\000\040\000s\000p\000i\000n}{chapter.131}% 34
\BOOKMARK [1][-]{section.141}{\376\377\000R\000o\000b\000u\000s\000t\000\040\000e\000l\000e\000c\000t\000r\000i\000c\000\040\000d\000i\000p\000o\000l\000e\000\040\000t\000r\000a\000n\000s\000i\000t\000i\000o\000n\000\040\000o\000f\000\040\000a\000\040\000S\000i\000:\000P\000\040\000n\000u\000c\000l\000e\000a\000r\000\040\000s\000p\000i\000n}{chapter.131}% 35
\BOOKMARK [2][-]{subsection.142}{\376\377\000E\000l\000e\000c\000t\000r\000o\000n\000,\000\040\000n\000u\000c\000l\000e\000a\000r\000\040\000a\000n\000d\000\040\000c\000h\000a\000r\000g\000e\000\040\000h\000y\000b\000r\000i\000d\000i\000z\000a\000t\000i\000o\000n}{section.141}% 36
\BOOKMARK [2][-]{subsection.168}{\376\377\000R\000e\000s\000i\000l\000i\000e\000n\000c\000e\000\040\000a\000g\000a\000i\000n\000s\000t\000\040\000c\000h\000a\000r\000g\000e\000\040\000n\000o\000i\000s\000e}{section.141}% 37
\BOOKMARK [2][-]{subsection.169}{\376\377\000C\000o\000u\000p\000l\000i\000n\000g\000\040\000t\000o\000\040\000m\000i\000c\000r\000o\000w\000a\000v\000e\000\040\000c\000a\000v\000i\000t\000y\000\040\000p\000h\000o\000t\000o\000n\000s}{section.141}% 38
\BOOKMARK [2][-]{subsection.170}{\376\377\000N\000u\000c\000l\000e\000a\000r\000\040\000s\000p\000i\000n\000\040\000r\000e\000l\000a\000x\000a\000t\000i\000o\000n}{section.141}% 39
\BOOKMARK [2][-]{subsection.172}{\376\377\000D\000e\000p\000e\000n\000d\000e\000n\000c\000e\000\040\000o\000f\000\040\000e\000l\000e\000c\000t\000r\000i\000c\000\040\000d\000i\000p\000o\000l\000e\000\040\000s\000t\000r\000e\000n\000g\000t\000h\000\040\000a\000n\000d\000\040\000s\000p\000i\000n\000\040\000r\000e\000l\000a\000x\000a\000t\000i\000o\000n\000\040\000r\000a\000t\000e\000\040\000o\000n\000\040\000f\000r\000e\000q\000u\000e\000n\000c\000y\000\040\000a\000n\000d\000\040\000f\000i\000e\000l\000d\000\040\000d\000e\000t\000u\000n\000i\000n\000g}{section.141}% 40
\BOOKMARK [1][-]{section.174}{\376\377\000L\000o\000n\000g\000-\000d\000i\000s\000t\000a\000n\000c\000e\000\040\000c\000o\000u\000p\000l\000i\000n\000g\000\040\000o\000f\000\040\000n\000u\000c\000l\000e\000a\000r\000\040\000s\000p\000i\000n\000\040\000q\000u\000b\000i\000t\000s}{chapter.131}% 41
\BOOKMARK [1][-]{section.177}{\376\377\000C\000o\000n\000c\000l\000u\000s\000i\000o\000n}{chapter.131}% 42
\BOOKMARK [0][-]{chapter.178}{\376\377\000B\000u\000i\000l\000d\000i\000n\000g\000\040\000a\000\040\000q\000u\000a\000n\000t\000u\000m\000\040\000p\000r\000o\000c\000e\000s\000s\000o\000r}{}% 43
\BOOKMARK [1][-]{section.179}{\376\377\000Q\000u\000a\000n\000t\000u\000m\000\040\000p\000r\000o\000c\000e\000s\000s\000o\000r\000\040\000a\000r\000c\000h\000i\000t\000e\000c\000t\000u\000r\000e\000s}{chapter.178}% 44
\BOOKMARK [1][-]{section.183}{\376\377\000O\000p\000e\000r\000a\000t\000i\000o\000n\000\040\000p\000r\000i\000n\000c\000i\000p\000l\000e\000s\000\040\000o\000f\000\040\000a\000n\000\040\000e\000l\000e\000c\000t\000r\000i\000c\000a\000l\000l\000y\000\040\000c\000o\000n\000t\000r\000o\000l\000l\000e\000d\000\040\000d\000o\000n\000o\000r\000\040\000q\000u\000a\000n\000t\000u\000m\000\040\000p\000r\000o\000c\000e\000s\000s\000o\000r}{chapter.178}% 45
\BOOKMARK [1][-]{section.184}{\376\377\000N\000u\000c\000l\000e\000a\000r\000\040\000q\000u\000b\000i\000t\000\040\000b\000a\000s\000e\000d\000\040\000p\000r\000o\000c\000e\000s\000s\000o\000r}{chapter.178}% 46
\BOOKMARK [0][-]{chapter.185}{\376\377\000D\000e\000v\000i\000c\000e\000\040\000f\000a\000b\000r\000i\000c\000a\000t\000i\000o\000n\000\040\000a\000n\000d\000\040\000e\000x\000p\000e\000r\000i\000m\000e\000n\000t\000a\000l\000\040\000m\000e\000t\000h\000o\000d\000s}{}% 47
\BOOKMARK [1][-]{section.186}{\376\377\000D\000e\000v\000i\000c\000e\000\040\000d\000e\000s\000i\000g\000n}{chapter.185}% 48
\BOOKMARK [1][-]{section.187}{\376\377\000D\000e\000v\000i\000c\000e\000\040\000f\000a\000b\000r\000i\000c\000a\000t\000i\000o\000n\000\040\000a\000n\000d\000\040\000p\000a\000c\000k\000a\000g\000i\000n\000g}{chapter.185}% 49
\BOOKMARK [1][-]{section.188}{\376\377\000E\000x\000p\000e\000r\000i\000m\000e\000n\000t\000a\000l\000\040\000s\000e\000t\000u\000p}{chapter.185}% 50
\BOOKMARK [0][-]{chapter.189}{\376\377\000L\000o\000w\000\040\000m\000a\000g\000n\000e\000t\000i\000c\000\040\000f\000i\000e\000l\000d\000\040\000e\000f\000f\000e\000c\000t\000s\000\040\000i\000n\000\040\000S\000i\000:\000P\000\040\000q\000u\000b\000i\000t\000s}{}% 51
\BOOKMARK [1][-]{section.190}{\376\377\000C\000o\000-\000t\000u\000n\000n\000e\000l\000i\000n\000g}{chapter.189}% 52
\BOOKMARK [1][-]{section.191}{\376\377\000E\000v\000a\000n\000e\000s\000c\000e\000n\000c\000e\000-\000w\000a\000v\000e\000\040\000J\000o\000h\000n\000s\000o\000n\000\040\000n\000o\000i\000s\000e}{chapter.189}% 53
\BOOKMARK [0][-]{chapter.192}{\376\377\000F\000l\000i\000p\000\040\000f\000l\000o\000p\000\040\000m\000e\000a\000s\000u\000r\000e\000m\000e\000n\000t\000s}{}% 54
\BOOKMARK [0][-]{chapter.193}{\376\377\000C\000o\000n\000c\000l\000u\000s\000i\000o\000n}{}% 55
\BOOKMARK [0][-]{chapter*.194}{\376\377\000B\000i\000b\000l\000i\000o\000g\000r\000a\000p\000h\000y}{}% 56
